2013-10-23,16:04:59,http://www.oasi-servizi.it/admin,404 Not Found
2013-10-23,16:05:00,http://www.oasi-servizi.it/scada,404 Not Found
2013-10-23,16:05:01,http://www.oasi-servizi.it/stat,404 Not Found
2013-10-23,16:05:03,http://www.oasi-servizi.it/stats,404 Not Found
2013-10-23,16:05:04,http://www.oasi-servizi.it/webstats,404 Not Found
2013-10-23,16:05:05,http://www.oasi-servizi.it/webstat,404 Not Found
2013-10-23,16:05:07,http://www.oasi-servizi.it/webalizer,404 Not Found
2013-10-23,16:05:08,http://www.oasi-servizi.it/usage,404 Not Found
2013-10-23,16:05:09,http://www.oasi-servizi.it/phpmyadmin,404 Not Found
2013-10-23,16:05:11,http://www.oasi-servizi.it/log,404 Not Found
2013-10-23,16:05:12,http://www.oasi-servizi.it/logs,404 Not Found
2013-10-23,16:05:13,http://www.oasi-servizi.it/administrator,404 Not Found
2013-10-23,16:05:15,http://www.oasi-servizi.it/tor,404 Not Found
2013-10-23,16:05:16,http://www.oasi-servizi.it/nascosta,404 Not Found
2013-10-23,16:05:17,http://www.oasi-servizi.it/webdisk,404 Not Found
2013-10-23,16:05:19,http://www.oasi-servizi.it/dump,404 Not Found
2013-10-23,16:05:20,http://www.oasi-servizi.it/dumps,404 Not Found
2013-10-23,16:05:21,http://www.oasi-servizi.it/xfer,404 Not Found
2013-10-23,16:05:23,http://www.oasi-servizi.it/transfer,404 Not Found
2013-10-23,16:05:24,http://www.oasi-servizi.it/home,404 Not Found
2013-10-23,16:05:25,http://www.oasi-servizi.it/user,404 Not Found
2013-10-23,16:05:26,http://www.oasi-servizi.it/users,404 Not Found
2013-10-23,16:05:28,http://www.oasi-servizi.it/test,404 Not Found
2013-10-23,16:05:29,http://www.oasi-servizi.it/test1,404 Not Found
2013-10-23,16:05:30,http://www.oasi-servizi.it/test2,404 Not Found
2013-10-23,16:05:32,http://www.oasi-servizi.it/test3,404 Not Found
2013-10-23,16:05:33,http://www.oasi-servizi.it/test4,404 Not Found
2013-10-23,16:05:35,http://www.oasi-servizi.it/test5,404 Not Found
2013-10-23,16:05:36,http://www.oasi-servizi.it/test01,404 Not Found
2013-10-23,16:05:37,http://www.oasi-servizi.it/test02,404 Not Found
2013-10-23,16:05:38,http://www.oasi-servizi.it/test03,404 Not Found
2013-10-23,16:05:39,http://www.oasi-servizi.it/test04,404 Not Found
